Building DAG of jobs...
Using shell: /bin/bash
Provided cores: 2
Rules claiming more threads will be scaled down.
Job stats:
job                    count    min threads    max threads
-------------------  -------  -------------  -------------
all                        1              1              1
precursorcorrection        1              1              1
preprocess                 1              1              1
total                      3              1              1

Select jobs to execute...

[Sat Sep 11 11:00:14 2021]
rule precursorcorrection:
    input: data/mzML/Epemicins.mzML
    output: results/precursorcorrection/Epemicins.mzML
    jobid: 2
    wildcards: samples=Epemicins
    resources: tmpdir=/var/folders/c_/ysz9v_bd1yb7h3ymmkn6m199jbv7x7/T

Activating conda environment: /Users/eeko/Desktop/Metabolomics/Snakemake/.snakemake/conda/66a0911470347801c428959a60e2d219
Activating conda environment: /Users/eeko/Desktop/Metabolomics/Snakemake/.snakemake/conda/66a0911470347801c428959a60e2d219
[Sat Sep 11 11:00:18 2021]
Finished job 2.
1 of 3 steps (33%) done
Select jobs to execute...

[Sat Sep 11 11:00:18 2021]
rule preprocess:
    input: results/precursorcorrection/Epemicins.mzML
    output: results/preprocessed/Epemicins.featureXML
    jobid: 1
    wildcards: samples=Epemicins
    resources: tmpdir=/var/folders/c_/ysz9v_bd1yb7h3ymmkn6m199jbv7x7/T

Activating conda environment: /Users/eeko/Desktop/Metabolomics/Snakemake/.snakemake/conda/66a0911470347801c428959a60e2d219
Activating conda environment: /Users/eeko/Desktop/Metabolomics/Snakemake/.snakemake/conda/66a0911470347801c428959a60e2d219
[Sat Sep 11 11:00:19 2021]
Error in rule preprocess:
    jobid: 1
    output: results/preprocessed/Epemicins.featureXML
    conda-env: /Users/eeko/Desktop/Metabolomics/Snakemake/.snakemake/conda/66a0911470347801c428959a60e2d219

RuleException:
CalledProcessError in line 19 of /Users/eeko/Desktop/Metabolomics/Snakemake/workflow/rules/preprocessing.smk:
Command 'source /Users/eeko/mambaforge/bin/activate '/Users/eeko/Desktop/Metabolomics/Snakemake/.snakemake/conda/66a0911470347801c428959a60e2d219'; set -euo pipefail;  python /Users/eeko/Desktop/Metabolomics/Snakemake/.snakemake/scripts/tmp_v64xkag.2_preprocessing.py' returned non-zero exit status 1.
  File "/Users/eeko/Desktop/Metabolomics/Snakemake/workflow/rules/preprocessing.smk", line 19, in __rule_preprocess
  File "/Users/eeko/mambaforge/envs/snakemake/lib/python3.9/concurrent/futures/thread.py", line 52, in run
Shutting down, this might take some time.
Exiting because a job execution failed. Look above for error message
Complete log: /Users/eeko/Desktop/Metabolomics/Snakemake/.snakemake/log/2021-09-11T110013.146497.snakemake.log
