Building DAG of jobs...
Using shell: /bin/bash
Provided cores: 2
Rules claiming more threads will be scaled down.
Job stats:
job          count    min threads    max threads
---------  -------  -------------  -------------
all              1              1              1
df_sirius        1              1              1
sirius           1              1              1
total            3              1              1

Select jobs to execute...

[Sat Sep 11 11:46:45 2021]
rule sirius:
    input: results/preprocessed/Epemicins.featureXML, results/precursorcorrection/Epemicins.mzML, resources/sirius, data/mzML/Epemicins.mzML
    output: results/SIRIUS/Epemicins.mzTab
    jobid: 1
    wildcards: samples=Epemicins
    resources: tmpdir=/var/folders/c_/ysz9v_bd1yb7h3ymmkn6m199jbv7x7/T

Activating conda environment: /Users/eeko/Desktop/Metabolomics/Snakemake/.snakemake/conda/66a0911470347801c428959a60e2d219
Activating conda environment: /Users/eeko/Desktop/Metabolomics/Snakemake/.snakemake/conda/66a0911470347801c428959a60e2d219
[Sat Sep 11 11:47:16 2021]
Error in rule sirius:
    jobid: 1
    output: results/SIRIUS/Epemicins.mzTab
    conda-env: /Users/eeko/Desktop/Metabolomics/Snakemake/.snakemake/conda/66a0911470347801c428959a60e2d219

RuleException:
CalledProcessError in line 12 of /Users/eeko/Desktop/Metabolomics/Snakemake/workflow/rules/sirius.smk:
Command 'source /Users/eeko/mambaforge/bin/activate '/Users/eeko/Desktop/Metabolomics/Snakemake/.snakemake/conda/66a0911470347801c428959a60e2d219'; set -euo pipefail;  python /Users/eeko/Desktop/Metabolomics/Snakemake/.snakemake/scripts/tmp__zwkyyd.4_sirius.py' returned non-zero exit status 1.
  File "/Users/eeko/Desktop/Metabolomics/Snakemake/workflow/rules/sirius.smk", line 12, in __rule_sirius
  File "/Users/eeko/mambaforge/envs/snakemake/lib/python3.9/concurrent/futures/thread.py", line 52, in run
Shutting down, this might take some time.
Exiting because a job execution failed. Look above for error message
Complete log: /Users/eeko/Desktop/Metabolomics/Snakemake/.snakemake/log/2021-09-11T114644.758552.snakemake.log
