Building DAG of jobs...
Using shell: /bin/bash
Provided cores: 2
Rules claiming more threads will be scaled down.
Job stats:
job               count    min threads    max threads
--------------  -------  -------------  -------------
all                   1              1              1
mgf_conversion        1              1              1
total                 2              1              1

Select jobs to execute...

[Fri Sep 10 15:36:11 2021]
rule mgf_conversion:
    input: data/raw/Epemicins.raw
    output: data/mgf/Epemicins.mgf
    jobid: 1
    wildcards: samples=Epemicins
    resources: tmpdir=/var/folders/c_/ysz9v_bd1yb7h3ymmkn6m199jbv7x7/T

[Fri Sep 10 15:36:11 2021]
Error in rule mgf_conversion:
    jobid: 1
    output: data/mgf/Epemicins.mgf
    shell:
        
        (cd resources/ThermoRawFileParser && mono ThermoRawFileParser.exe -d=data/raw/Epemicins.raw -o=data/mgf/Epemicins.mgf -f=0 -g) 
        
        (one of the commands exited with non-zero exit code; note that snakemake uses bash strict mode!)

Shutting down, this might take some time.
Exiting because a job execution failed. Look above for error message
Complete log: /Users/eeko/Desktop/Metabolomics/Snakemake/.snakemake/log/2021-09-10T153609.097849.snakemake.log
