Building DAG of jobs...
Relative file path './resources/Contents/MacOS/sirius' starts with './'. This is redundant and strongly discouraged. It can also lead to inconsistent results of the file-matching approach used by Snakemake. You can simply omit the './' for relative file paths.
Using shell: /bin/bash
Provided cores: 2
Rules claiming more threads will be scaled down.
Job stats:
job                      count    min threads    max threads
---------------------  -------  -------------  -------------
all                          1              1              1
df_sirius_csifingerid        1              1              1
sirius_csifingerid           1              1              1
total                        3              1              1

Select jobs to execute...

[Sat Sep 11 13:24:15 2021]
rule sirius_csifingerid:
    input: results/preprocessed/Epemicins.featureXML, results/precursorcorrection/Epemicins.mzML, ./resources/Contents/MacOS/sirius, data/mzML/Epemicins.mzML
    output: results/SIRIUS/Epemicins.mzTab, results/CSIFingerID/Epemicins.mzTab
    jobid: 1
    wildcards: samples=Epemicins
    resources: tmpdir=/var/folders/c_/ysz9v_bd1yb7h3ymmkn6m199jbv7x7/T

Activating conda environment: /Users/eeko/Desktop/Metabolomics/Snakemake/.snakemake/conda/66a0911470347801c428959a60e2d219
Activating conda environment: /Users/eeko/Desktop/Metabolomics/Snakemake/.snakemake/conda/66a0911470347801c428959a60e2d219
