Building DAG of jobs...
Using shell: /bin/bash
Provided cores: 2
Rules claiming more threads will be scaled down.
Job stats:
job               count    min threads    max threads
--------------  -------  -------------  -------------
all                   1              1              1
mgf_conversion        1              1              1
total                 2              1              1

Select jobs to execute...

[Sat Sep 11 09:39:10 2021]
rule mgf_conversion:
    input: data/raw/Epemicins.raw
    output: data/mgf/Epemicins.mgf
    jobid: 1
    wildcards: samples=Epemicins
    resources: tmpdir=/var/folders/c_/ysz9v_bd1yb7h3ymmkn6m199jbv7x7/T

Waiting at most 5 seconds for missing files.
MissingOutputException in line 1 of /Users/eeko/Desktop/Metabolomics/Snakemake/workflow/rules/fileconversion.smk:
Job Missing files after 5 seconds:
data/mgf/Epemicins.mgf
This might be due to filesystem latency. If that is the case, consider to increase the wait time with --latency-wait.
Job id: 1 completed successfully, but some output files are missing. 1
Shutting down, this might take some time.
Exiting because a job execution failed. Look above for error message
Complete log: /Users/eeko/Desktop/Metabolomics/Snakemake/.snakemake/log/2021-09-11T093910.513251.snakemake.log
