Building DAG of jobs...
Using shell: /bin/bash
Provided cores: 2
Rules claiming more threads will be scaled down.
Job stats:
job           count    min threads    max threads
----------  -------  -------------  -------------
all               1              1              1
preprocess        1              1              1
total             2              1              1

Select jobs to execute...

[Sat Sep 11 11:08:02 2021]
rule preprocess:
    input: results/precursorcorrection/Epemicins.mzML
    output: results/preprocessed/Epemicins.featureXML
    jobid: 1
    wildcards: samples=Epemicins
    resources: tmpdir=/var/folders/c_/ysz9v_bd1yb7h3ymmkn6m199jbv7x7/T

Activating conda environment: /Users/eeko/Desktop/Metabolomics/Snakemake/.snakemake/conda/66a0911470347801c428959a60e2d219
Activating conda environment: /Users/eeko/Desktop/Metabolomics/Snakemake/.snakemake/conda/66a0911470347801c428959a60e2d219
[Sat Sep 11 11:08:11 2021]
Finished job 1.
1 of 2 steps (50%) done
Select jobs to execute...

[Sat Sep 11 11:08:11 2021]
localrule all:
    input: results/preprocessed/Epemicins.featureXML
    jobid: 0
    resources: tmpdir=/var/folders/c_/ysz9v_bd1yb7h3ymmkn6m199jbv7x7/T

[Sat Sep 11 11:08:11 2021]
Finished job 0.
2 of 2 steps (100%) done
Complete log: /Users/eeko/Desktop/Metabolomics/Snakemake/.snakemake/log/2021-09-11T110801.320497.snakemake.log
