Building DAG of jobs...
Creating conda environment workflow/envs/pyopenms.yaml...
Downloading and installing remote packages.
Environment for workflow/envs/pyopenms.yaml created (location: .snakemake/conda/66a0911470347801c428959a60e2d219)
Using shell: /bin/bash
Provided cores: 2
Rules claiming more threads will be scaled down.
Job stats:
job                    count    min threads    max threads
-------------------  -------  -------------  -------------
all                        1              1              1
precursorcorrection        1              1              1
preprocess                 1              1              1
total                      3              1              1

Select jobs to execute...

[Sat Sep 11 10:59:03 2021]
rule precursorcorrection:
    input: data/mzML/Epemicins.mzML
    output: results/precursorcorrection/Epemicins.mzML
    jobid: 2
    wildcards: samples=Epemicins
    resources: tmpdir=/var/folders/c_/ysz9v_bd1yb7h3ymmkn6m199jbv7x7/T

Activating conda environment: /Users/eeko/Desktop/Metabolomics/Snakemake/.snakemake/conda/66a0911470347801c428959a60e2d219
Activating conda environment: /Users/eeko/Desktop/Metabolomics/Snakemake/.snakemake/conda/66a0911470347801c428959a60e2d219
[Sat Sep 11 10:59:04 2021]
Error in rule precursorcorrection:
    jobid: 2
    output: results/precursorcorrection/Epemicins.mzML
    conda-env: /Users/eeko/Desktop/Metabolomics/Snakemake/.snakemake/conda/66a0911470347801c428959a60e2d219

RuleException:
CalledProcessError in line 9 of /Users/eeko/Desktop/Metabolomics/Snakemake/workflow/rules/preprocessing.smk:
Command 'source /Users/eeko/mambaforge/bin/activate '/Users/eeko/Desktop/Metabolomics/Snakemake/.snakemake/conda/66a0911470347801c428959a60e2d219'; set -euo pipefail;  python /Users/eeko/Desktop/Metabolomics/Snakemake/.snakemake/scripts/tmp0bca3ih6.1_precursorcorrection.py' returned non-zero exit status 1.
  File "/Users/eeko/Desktop/Metabolomics/Snakemake/workflow/rules/preprocessing.smk", line 9, in __rule_precursorcorrection
  File "/Users/eeko/mambaforge/envs/snakemake/lib/python3.9/concurrent/futures/thread.py", line 52, in run
Shutting down, this might take some time.
Exiting because a job execution failed. Look above for error message
Complete log: /Users/eeko/Desktop/Metabolomics/Snakemake/.snakemake/log/2021-09-11T105834.048334.snakemake.log
